Using pre-set license
Built from '2021.3/staging' branch; Version is '2021.3.3f1 (af2e63e8f9bd) revision 11480675'; Using compiler version '192829333'; Build Type 'Release'
OS: 'Windows 10  (10.0.19044) 64bit Professional' Language: 'ja' Physical Memory: 16206 MB
BatchMode: 1, IsHumanControllingUs: 0, StartBugReporterOnCrash: 0, Is64bit: 1, IsPro: 1

COMMAND LINE ARGUMENTS:
F:\Unity\2021.3.3f1\Editor\Unity.exe
-adb2
-batchMode
-noUpm
-name
AssetImportWorker1
-projectPath
F:/審査会作品/22C_SRPG01
-logFile
Logs/AssetImportWorker1.log
-srvPort
50173
Successfully changed project path to: F:/審査会作品/22C_SRPG01
F:/審査会作品/22C_SRPG01
[UnityMemory] Configuration Parameters - Can be set up in boot.config
    "memorysetup-bucket-allocator-granularity=16"
    "memorysetup-bucket-allocator-bucket-count=8"
    "memorysetup-bucket-allocator-block-size=33554432"
    "memorysetup-bucket-allocator-block-count=8"
    "memorysetup-main-allocator-block-size=16777216"
    "memorysetup-thread-allocator-block-size=16777216"
    "memorysetup-gfx-main-allocator-block-size=16777216"
    "memorysetup-gfx-thread-allocator-block-size=16777216"
    "memorysetup-cache-allocator-block-size=4194304"
    "memorysetup-typetree-allocator-block-size=2097152"
    "memorysetup-profiler-bucket-allocator-granularity=16"
    "memorysetup-profiler-bucket-allocator-bucket-count=8"
    "memorysetup-profiler-bucket-allocator-block-size=33554432"
    "memorysetup-profiler-bucket-allocator-block-count=8"
    "memorysetup-profiler-allocator-block-size=16777216"
    "memorysetup-profiler-editor-allocator-block-size=1048576"
    "memorysetup-temp-allocator-size-main=16777216"
    "memorysetup-job-temp-allocator-block-size=2097152"
    "memorysetup-job-temp-allocator-block-size-background=1048576"
    "memorysetup-job-temp-allocator-reduction-small-platforms=262144"
    "memorysetup-temp-allocator-size-background-worker=32768"
    "memorysetup-temp-allocator-size-job-worker=262144"
    "memorysetup-temp-allocator-size-preload-manager=33554432"
    "memorysetup-temp-allocator-size-nav-mesh-worker=65536"
    "memorysetup-temp-allocator-size-audio-worker=65536"
    "memorysetup-temp-allocator-size-cloud-worker=32768"
    "memorysetup-temp-allocator-size-gi-baking-worker=262144"
    "memorysetup-temp-allocator-size-gfx=262144"
Refreshing native plugins compatible for Editor in 70.08 ms, found 3 plugins.
Preloading 0 native plugins for Editor in 0.00 ms.
Initialize engine version: 2021.3.3f1 (af2e63e8f9bd)
[Subsystems] Discovering subsystems at path F:/Unity/2021.3.3f1/Editor/Data/Resources/UnitySubsystems
[Subsystems] Discovering subsystems at path F:/審査会作品/22C_SRPG01/Assets
GfxDevice: creating device client; threaded=0; jobified=0
Direct3D:
    Version:  Direct3D 11.0 [level 11.1]
    Renderer: NVIDIA GeForce RTX 2070 (ID=0x1f07)
    Vendor:   NVIDIA
    VRAM:     8031 MB
    Driver:   30.0.15.1277
Initialize mono
Mono path[0] = 'F:/Unity/2021.3.3f1/Editor/Data/Managed'
Mono path[1] = 'F:/Unity/2021.3.3f1/Editor/Data/MonoBleedingEdge/lib/mono/unityjit-win32'
Mono config path = 'F:/Unity/2021.3.3f1/Editor/Data/MonoBleedingEdge/etc'
Using monoOptions --debugger-agent=transport=dt_socket,embedding=1,server=y,suspend=n,address=127.0.0.1:56100
Begin MonoManager ReloadAssembly
Registering precompiled unity dll's ...
Register platform support module: F:/Unity/2021.3.3f1/Editor/Data/PlaybackEngines/WindowsStandaloneSupport/UnityEditor.WindowsStandalone.Extensions.dll
Registered in 0.002393 seconds.
Native extension for WindowsStandalone target not found
Refreshing native plugins compatible for Editor in 97.83 ms, found 3 plugins.
Preloading 0 native plugins for Editor in 0.00 ms.
Mono: successfully reloaded assembly
- Completed reload, in  0.562 seconds
Domain Reload Profiling:
	ReloadAssembly (563ms)
		BeginReloadAssembly (63ms)
			ExecutionOrderSort (0ms)
			DisableScriptedObjects (0ms)
			BackupInstance (0ms)
			ReleaseScriptingObjects (0ms)
			CreateAndSetChildDomain (1ms)
		EndReloadAssembly (412ms)
			LoadAssemblies (62ms)
			RebuildTransferFunctionScriptingTraits (0ms)
			SetupTypeCache (89ms)
			ReleaseScriptCaches (0ms)
			RebuildScriptCaches (27ms)
			SetupLoadedEditorAssemblies (255ms)
				LogAssemblyErrors (0ms)
				InitializePlatformSupportModulesInManaged (7ms)
				SetLoadedEditorAssemblies (0ms)
				RefreshPlugins (98ms)
				BeforeProcessingInitializeOnLoad (1ms)
				ProcessInitializeOnLoadAttributes (108ms)
				ProcessInitializeOnLoadMethodAttributes (41ms)
				AfterProcessingInitializeOnLoad (0ms)
				EditorAssembliesLoaded (0ms)
			ExecutionOrderSort2 (0ms)
			AwakeInstancesAfterBackupRestoration (0ms)
Platform modules already initialized, skipping
Registering precompiled user dll's ...
Registered in 0.003512 seconds.
Begin MonoManager ReloadAssembly
Symbol file LoadedFromMemory doesn't match image F:\審査会作品\22C_SRPG01\Library\PackageCache\com.unity.visualscripting@1.7.6\Editor\VisualScripting.Core\Dependencies\YamlDotNet\Unity.VisualScripting.YamlDotNet.dll
Symbol file LoadedFromMemory doesn't match image F:\審査会作品\22C_SRPG01\Library\PackageCache\com.unity.visualscripting@1.7.6\Editor\VisualScripting.Core\Dependencies\DotNetZip\Unity.VisualScripting.IonicZip.dll
Native extension for WindowsStandalone target not found
Refreshing native plugins compatible for Editor in 0.60 ms, found 3 plugins.
Preloading 0 native plugins for Editor in 0.00 ms.
Mono: successfully reloaded assembly
- Completed reload, in  0.943 seconds
Domain Reload Profiling:
	ReloadAssembly (943ms)
		BeginReloadAssembly (104ms)
			ExecutionOrderSort (0ms)
			DisableScriptedObjects (6ms)
			BackupInstance (0ms)
			ReleaseScriptingObjects (0ms)
			CreateAndSetChildDomain (21ms)
		EndReloadAssembly (742ms)
			LoadAssemblies (71ms)
			RebuildTransferFunctionScriptingTraits (0ms)
			SetupTypeCache (239ms)
			ReleaseScriptCaches (1ms)
			RebuildScriptCaches (46ms)
			SetupLoadedEditorAssemblies (350ms)
				LogAssemblyErrors (0ms)
				InitializePlatformSupportModulesInManaged (5ms)
				SetLoadedEditorAssemblies (0ms)
				RefreshPlugins (1ms)
				BeforeProcessingInitializeOnLoad (79ms)
				ProcessInitializeOnLoadAttributes (231ms)
				ProcessInitializeOnLoadMethodAttributes (31ms)
				AfterProcessingInitializeOnLoad (3ms)
				EditorAssembliesLoaded (0ms)
			ExecutionOrderSort2 (0ms)
			AwakeInstancesAfterBackupRestoration (7ms)
Platform modules already initialized, skipping
========================================================================
Worker process is ready to serve import requests
Launched and connected shader compiler UnityShaderCompiler.exe after 0.09 seconds
Refreshing native plugins compatible for Editor in 0.64 ms, found 3 plugins.
Preloading 0 native plugins for Editor in 0.00 ms.
Unloading 3361 Unused Serialized files (Serialized files now loaded: 0)
Unloading 26 unused Assets / (112.2 KB). Loaded Objects now: 3819.
Memory consumption went from 115.7 MB to 115.6 MB.
Total: 4.550600 ms (FindLiveObjects: 0.404000 ms CreateObjectMapping: 0.839400 ms MarkObjects: 3.175800 ms  DeleteObjects: 0.129600 ms)

AssetImportParameters requested are different than current active one (requested -> active):
  custom:video-decoder-ogg-theora: a1e56fd34408186e4bbccfd4996cb3dc -> 
  custom:container-muxer-webm: aa71ff27fc2769a1b78a27578f13a17b -> 
  custom:container-demuxer-webm: 4f35f7cbe854078d1ac9338744f61a02 -> 
  custom:video-encoder-webm-vp8: eb34c28f22e8b96e1ab97ce403110664 -> 
  custom:video-codec-MediaFoundation-h265: 746d11721c4dcdbdad8f713fa42b33f4 -> 
  custom:audio-encoder-webm-vorbis: bf7c407c2cedff20999df2af8eb42d56 -> 
  custom:framework-win-MediaFoundation: 216162199b28c13a410421893ffa2e32 -> 
  custom:container-demuxer-ogg: 62fdf1f143b41e24485cea50d1cbac27 -> 
  custom:video-decoder-webm-vp8: 9c59270c3fd7afecdb556c50c9e8de78 -> 
  custom:audio-decoder-ogg-vorbis: bf7c407c2cedff20999df2af8eb42d56 -> 
========================================================================
Received Import Request.
  Time since last request: 327948.717406 seconds.
  path: Assets/AssetStore_Asset/Audio/Fantasy Soundtrack Pack/Free For All/In a good place.wav
  artifactKey: Guid(fd3bedbee77451b4d80701f3e0367712) Importer(815301076,1909f56bfc062723c751e8b465ee728b)
Start importing Assets/AssetStore_Asset/Audio/Fantasy Soundtrack Pack/Free For All/In a good place.wav using Guid(fd3bedbee77451b4d80701f3e0367712) Importer(815301076,1909f56bfc062723c751e8b465ee728b)  -> (artifact id: '94a2e36fe62b692c69144bbf1aa258e3') in 0.226953 seconds 
========================================================================
Received Import Request.
  Time since last request: 0.000025 seconds.
  path: Assets/AssetStore_Asset/Audio/Fantasy Soundtrack Pack/Free For All/Enchanted garden -  LOOP.wav
  artifactKey: Guid(f6db07e6b0d2abb489c3072c1241d669) Importer(815301076,1909f56bfc062723c751e8b465ee728b)
Start importing Assets/AssetStore_Asset/Audio/Fantasy Soundtrack Pack/Free For All/Enchanted garden -  LOOP.wav using Guid(f6db07e6b0d2abb489c3072c1241d669) Importer(815301076,1909f56bfc062723c751e8b465ee728b)  -> (artifact id: '2229fc506e4684f274ecf378c11f4d21') in 0.016477 seconds 
========================================================================
Received Import Request.
  Time since last request: 0.000024 seconds.
  path: Assets/AssetStore_Asset/Audio/Fantasy Soundtrack Pack/Free For All/Riding horses.wav
  artifactKey: Guid(4015be00a3664ec4f892c590b6779bea) Importer(815301076,1909f56bfc062723c751e8b465ee728b)
Start importing Assets/AssetStore_Asset/Audio/Fantasy Soundtrack Pack/Free For All/Riding horses.wav using Guid(4015be00a3664ec4f892c590b6779bea) Importer(815301076,1909f56bfc062723c751e8b465ee728b)  -> (artifact id: '129b560e1c695cc5a5a84df09d48ba9d') in 0.010004 seconds 
========================================================================
Received Import Request.
  Time since last request: 0.000018 seconds.
  path: Assets/AssetStore_Asset/Audio/Fantasy Soundtrack Pack/Free For All/Forest travel.wav
  artifactKey: Guid(214169afd82f8134ba4d4985e7291e58) Importer(815301076,1909f56bfc062723c751e8b465ee728b)
Start importing Assets/AssetStore_Asset/Audio/Fantasy Soundtrack Pack/Free For All/Forest travel.wav using Guid(214169afd82f8134ba4d4985e7291e58) Importer(815301076,1909f56bfc062723c751e8b465ee728b)  -> (artifact id: 'da03fcfa5630c01257c2d530cf6c9e42') in 0.010582 seconds 
========================================================================
Received Import Request.
  Time since last request: 0.000026 seconds.
  path: Assets/AssetStore_Asset/Audio/Fantasy Soundtrack Pack/Free For All
  artifactKey: Guid(b160268d0bde7024f9d3f259de8c64bc) Importer(815301076,1909f56bfc062723c751e8b465ee728b)
Start importing Assets/AssetStore_Asset/Audio/Fantasy Soundtrack Pack/Free For All using Guid(b160268d0bde7024f9d3f259de8c64bc) Importer(815301076,1909f56bfc062723c751e8b465ee728b)  -> (artifact id: '066ca6360806030544725e0e0fbd2eb0') in 0.005522 seconds 
========================================================================
Received Import Request.
  Time since last request: 0.000021 seconds.
  path: Assets/AssetStore_Asset/Audio/Fantasy Soundtrack Pack/Free For All/In a good place -  LOOP.wav
  artifactKey: Guid(9cecc78ef810b8843bdc76636f58f1ee) Importer(815301076,1909f56bfc062723c751e8b465ee728b)
Start importing Assets/AssetStore_Asset/Audio/Fantasy Soundtrack Pack/Free For All/In a good place -  LOOP.wav using Guid(9cecc78ef810b8843bdc76636f58f1ee) Importer(815301076,1909f56bfc062723c751e8b465ee728b)  -> (artifact id: '6f2d24a8d3adbafa938134ae6f1404bb') in 0.011788 seconds 
========================================================================
Received Import Request.
  Time since last request: 0.000020 seconds.
  path: Assets/AssetStore_Asset/Audio/Fantasy Soundtrack Pack/Free For All/March of immortals -  LOOP.wav
  artifactKey: Guid(d120a845738da49408c77b6470f6f3d1) Importer(815301076,1909f56bfc062723c751e8b465ee728b)
Start importing Assets/AssetStore_Asset/Audio/Fantasy Soundtrack Pack/Free For All/March of immortals -  LOOP.wav using Guid(d120a845738da49408c77b6470f6f3d1) Importer(815301076,1909f56bfc062723c751e8b465ee728b)  -> (artifact id: '4c4da903f1da6e9819d58a772480fde2') in 0.011045 seconds 
========================================================================
Received Import Request.
  Time since last request: 0.000023 seconds.
  path: Assets/AssetStore_Asset/Audio/Fantasy Soundtrack Pack/Free For All/Riding horses -  LOOP.wav
  artifactKey: Guid(6c2c096bfae8411498f1fa066db7dc1c) Importer(815301076,1909f56bfc062723c751e8b465ee728b)
Start importing Assets/AssetStore_Asset/Audio/Fantasy Soundtrack Pack/Free For All/Riding horses -  LOOP.wav using Guid(6c2c096bfae8411498f1fa066db7dc1c) Importer(815301076,1909f56bfc062723c751e8b465ee728b)  -> (artifact id: '45bb33d49b0b844a9926307aedbb9747') in 0.009553 seconds 
========================================================================
Received Import Request.
  Time since last request: 0.000018 seconds.
  path: Assets/AssetStore_Asset/Audio/Fantasy Soundtrack Pack/Free For All/Great hall.wav
  artifactKey: Guid(1464debf3e58c8b4fbd93cd6a678d9de) Importer(815301076,1909f56bfc062723c751e8b465ee728b)
Start importing Assets/AssetStore_Asset/Audio/Fantasy Soundtrack Pack/Free For All/Great hall.wav using Guid(1464debf3e58c8b4fbd93cd6a678d9de) Importer(815301076,1909f56bfc062723c751e8b465ee728b)  -> (artifact id: 'fcce12b49211bd0e3f98dda36f3c2de0') in 0.011504 seconds 
========================================================================
Received Import Request.
  Time since last request: 0.000022 seconds.
  path: Assets/AssetStore_Asset/Audio/Fantasy Soundtrack Pack/Free For All/Forest travel -  LOOP.wav
  artifactKey: Guid(3007a850115c4d34683e87a457c3b418) Importer(815301076,1909f56bfc062723c751e8b465ee728b)
Start importing Assets/AssetStore_Asset/Audio/Fantasy Soundtrack Pack/Free For All/Forest travel -  LOOP.wav using Guid(3007a850115c4d34683e87a457c3b418) Importer(815301076,1909f56bfc062723c751e8b465ee728b)  -> (artifact id: '7ae57b4b7387c57247142b5da0f6d217') in 0.011571 seconds 
========================================================================
Received Import Request.
  Time since last request: 0.000024 seconds.
  path: Assets/AssetStore_Asset/Audio/Fantasy Soundtrack Pack/Free For All/Last battle -  LOOP.wav
  artifactKey: Guid(567e3ce65d6705b4d8cf3b7264b66aa8) Importer(815301076,1909f56bfc062723c751e8b465ee728b)
Start importing Assets/AssetStore_Asset/Audio/Fantasy Soundtrack Pack/Free For All/Last battle -  LOOP.wav using Guid(567e3ce65d6705b4d8cf3b7264b66aa8) Importer(815301076,1909f56bfc062723c751e8b465ee728b)  -> (artifact id: 'bcac5fd854ce27968c4b5be554407f47') in 0.009904 seconds 
Editor requested this worker to shutdown with reason: Scaling down because of idle timeout
AssetImportWorker is now disconnected from the server
Process exiting
Exiting without the bug reporter. Application will terminate with return code 0