Using pre-set license
Built from '2021.3/staging' branch; Version is '2021.3.3f1 (af2e63e8f9bd) revision 11480675'; Using compiler version '192829333'; Build Type 'Release'
OS: 'Windows 10  (10.0.19044) 64bit Professional' Language: 'ja' Physical Memory: 16206 MB
BatchMode: 1, IsHumanControllingUs: 0, StartBugReporterOnCrash: 0, Is64bit: 1, IsPro: 1

COMMAND LINE ARGUMENTS:
F:\Unity\2021.3.3f1\Editor\Unity.exe
-adb2
-batchMode
-noUpm
-name
AssetImportWorker2
-projectPath
F:/審査会作品/22C_SRPG01
-logFile
Logs/AssetImportWorker2.log
-srvPort
60773
Successfully changed project path to: F:/審査会作品/22C_SRPG01
F:/審査会作品/22C_SRPG01
[UnityMemory] Configuration Parameters - Can be set up in boot.config
    "memorysetup-bucket-allocator-granularity=16"
    "memorysetup-bucket-allocator-bucket-count=8"
    "memorysetup-bucket-allocator-block-size=33554432"
    "memorysetup-bucket-allocator-block-count=8"
    "memorysetup-main-allocator-block-size=16777216"
    "memorysetup-thread-allocator-block-size=16777216"
    "memorysetup-gfx-main-allocator-block-size=16777216"
    "memorysetup-gfx-thread-allocator-block-size=16777216"
    "memorysetup-cache-allocator-block-size=4194304"
    "memorysetup-typetree-allocator-block-size=2097152"
    "memorysetup-profiler-bucket-allocator-granularity=16"
    "memorysetup-profiler-bucket-allocator-bucket-count=8"
    "memorysetup-profiler-bucket-allocator-block-size=33554432"
    "memorysetup-profiler-bucket-allocator-block-count=8"
    "memorysetup-profiler-allocator-block-size=16777216"
    "memorysetup-profiler-editor-allocator-block-size=1048576"
    "memorysetup-temp-allocator-size-main=16777216"
    "memorysetup-job-temp-allocator-block-size=2097152"
    "memorysetup-job-temp-allocator-block-size-background=1048576"
    "memorysetup-job-temp-allocator-reduction-small-platforms=262144"
    "memorysetup-temp-allocator-size-background-worker=32768"
    "memorysetup-temp-allocator-size-job-worker=262144"
    "memorysetup-temp-allocator-size-preload-manager=33554432"
    "memorysetup-temp-allocator-size-nav-mesh-worker=65536"
    "memorysetup-temp-allocator-size-audio-worker=65536"
    "memorysetup-temp-allocator-size-cloud-worker=32768"
    "memorysetup-temp-allocator-size-gi-baking-worker=262144"
    "memorysetup-temp-allocator-size-gfx=262144"
Refreshing native plugins compatible for Editor in 72.12 ms, found 3 plugins.
Preloading 0 native plugins for Editor in 0.00 ms.
Initialize engine version: 2021.3.3f1 (af2e63e8f9bd)
[Subsystems] Discovering subsystems at path F:/Unity/2021.3.3f1/Editor/Data/Resources/UnitySubsystems
[Subsystems] Discovering subsystems at path F:/審査会作品/22C_SRPG01/Assets
GfxDevice: creating device client; threaded=0; jobified=0
Direct3D:
    Version:  Direct3D 11.0 [level 11.1]
    Renderer: NVIDIA GeForce RTX 2070 (ID=0x1f07)
    Vendor:   NVIDIA
    VRAM:     8031 MB
    Driver:   30.0.15.1277
Initialize mono
Mono path[0] = 'F:/Unity/2021.3.3f1/Editor/Data/Managed'
Mono path[1] = 'F:/Unity/2021.3.3f1/Editor/Data/MonoBleedingEdge/lib/mono/unityjit-win32'
Mono config path = 'F:/Unity/2021.3.3f1/Editor/Data/MonoBleedingEdge/etc'
Using monoOptions --debugger-agent=transport=dt_socket,embedding=1,server=y,suspend=n,address=127.0.0.1:56872
Begin MonoManager ReloadAssembly
Registering precompiled unity dll's ...
Register platform support module: F:/Unity/2021.3.3f1/Editor/Data/PlaybackEngines/WindowsStandaloneSupport/UnityEditor.WindowsStandalone.Extensions.dll
Registered in 0.002655 seconds.
Native extension for WindowsStandalone target not found
Refreshing native plugins compatible for Editor in 73.89 ms, found 3 plugins.
Preloading 0 native plugins for Editor in 0.00 ms.
Mono: successfully reloaded assembly
- Completed reload, in  0.557 seconds
Domain Reload Profiling:
	ReloadAssembly (558ms)
		BeginReloadAssembly (61ms)
			ExecutionOrderSort (0ms)
			DisableScriptedObjects (0ms)
			BackupInstance (0ms)
			ReleaseScriptingObjects (0ms)
			CreateAndSetChildDomain (1ms)
		EndReloadAssembly (404ms)
			LoadAssemblies (60ms)
			RebuildTransferFunctionScriptingTraits (0ms)
			SetupTypeCache (102ms)
			ReleaseScriptCaches (0ms)
			RebuildScriptCaches (25ms)
			SetupLoadedEditorAssemblies (234ms)
				LogAssemblyErrors (0ms)
				InitializePlatformSupportModulesInManaged (6ms)
				SetLoadedEditorAssemblies (0ms)
				RefreshPlugins (74ms)
				BeforeProcessingInitializeOnLoad (1ms)
				ProcessInitializeOnLoadAttributes (112ms)
				ProcessInitializeOnLoadMethodAttributes (41ms)
				AfterProcessingInitializeOnLoad (0ms)
				EditorAssembliesLoaded (0ms)
			ExecutionOrderSort2 (0ms)
			AwakeInstancesAfterBackupRestoration (0ms)
Platform modules already initialized, skipping
Registering precompiled user dll's ...
Registered in 0.003416 seconds.
Begin MonoManager ReloadAssembly
Symbol file LoadedFromMemory doesn't match image F:\審査会作品\22C_SRPG01\Library\PackageCache\com.unity.visualscripting@1.7.6\Editor\VisualScripting.Core\Dependencies\YamlDotNet\Unity.VisualScripting.YamlDotNet.dll
Symbol file LoadedFromMemory doesn't match image F:\審査会作品\22C_SRPG01\Library\PackageCache\com.unity.visualscripting@1.7.6\Editor\VisualScripting.Core\Dependencies\DotNetZip\Unity.VisualScripting.IonicZip.dll
Native extension for WindowsStandalone target not found
Refreshing native plugins compatible for Editor in 0.48 ms, found 3 plugins.
Preloading 0 native plugins for Editor in 0.00 ms.
Mono: successfully reloaded assembly
- Completed reload, in  0.918 seconds
Domain Reload Profiling:
	ReloadAssembly (919ms)
		BeginReloadAssembly (95ms)
			ExecutionOrderSort (0ms)
			DisableScriptedObjects (6ms)
			BackupInstance (0ms)
			ReleaseScriptingObjects (0ms)
			CreateAndSetChildDomain (18ms)
		EndReloadAssembly (730ms)
			LoadAssemblies (64ms)
			RebuildTransferFunctionScriptingTraits (0ms)
			SetupTypeCache (252ms)
			ReleaseScriptCaches (1ms)
			RebuildScriptCaches (62ms)
			SetupLoadedEditorAssemblies (308ms)
				LogAssemblyErrors (0ms)
				InitializePlatformSupportModulesInManaged (4ms)
				SetLoadedEditorAssemblies (0ms)
				RefreshPlugins (1ms)
				BeforeProcessingInitializeOnLoad (80ms)
				ProcessInitializeOnLoadAttributes (195ms)
				ProcessInitializeOnLoadMethodAttributes (25ms)
				AfterProcessingInitializeOnLoad (3ms)
				EditorAssembliesLoaded (0ms)
			ExecutionOrderSort2 (0ms)
			AwakeInstancesAfterBackupRestoration (6ms)
Platform modules already initialized, skipping
========================================================================
Worker process is ready to serve import requests
Launched and connected shader compiler UnityShaderCompiler.exe after 0.07 seconds
Refreshing native plugins compatible for Editor in 1.03 ms, found 3 plugins.
Preloading 0 native plugins for Editor in 0.00 ms.
Unloading 3361 Unused Serialized files (Serialized files now loaded: 0)
Unloading 26 unused Assets / (112.2 KB). Loaded Objects now: 3819.
Memory consumption went from 115.7 MB to 115.6 MB.
Total: 3.076900 ms (FindLiveObjects: 0.251800 ms CreateObjectMapping: 0.180200 ms MarkObjects: 2.553800 ms  DeleteObjects: 0.090100 ms)

AssetImportParameters requested are different than current active one (requested -> active):
  custom:video-decoder-ogg-theora: a1e56fd34408186e4bbccfd4996cb3dc -> 
  custom:container-muxer-webm: aa71ff27fc2769a1b78a27578f13a17b -> 
  custom:container-demuxer-webm: 4f35f7cbe854078d1ac9338744f61a02 -> 
  custom:video-encoder-webm-vp8: eb34c28f22e8b96e1ab97ce403110664 -> 
  custom:video-codec-MediaFoundation-h265: 746d11721c4dcdbdad8f713fa42b33f4 -> 
  custom:audio-encoder-webm-vorbis: bf7c407c2cedff20999df2af8eb42d56 -> 
  custom:framework-win-MediaFoundation: 216162199b28c13a410421893ffa2e32 -> 
  custom:container-demuxer-ogg: 62fdf1f143b41e24485cea50d1cbac27 -> 
  custom:video-decoder-webm-vp8: 9c59270c3fd7afecdb556c50c9e8de78 -> 
  custom:audio-decoder-ogg-vorbis: bf7c407c2cedff20999df2af8eb42d56 -> 
========================================================================
Received Import Request.
  Time since last request: 328580.050494 seconds.
  path: Assets/AssetStore_Asset/Maps
  artifactKey: Guid(c29836734f6853c40a4a2b503954e7c4) Importer(815301076,1909f56bfc062723c751e8b465ee728b)
Start importing Assets/AssetStore_Asset/Maps using Guid(c29836734f6853c40a4a2b503954e7c4) Importer(815301076,1909f56bfc062723c751e8b465ee728b)  -> (artifact id: '1a4e9a62b177ddef48b76ffbf7b640a4') in 0.010601 seconds 
========================================================================
Received Import Request.
  Time since last request: 2.386968 seconds.
  path: Assets/AssetStore_Asset/Maps/Hand Painted Seamless Tiles Texture
  artifactKey: Guid(b54d7cb6aeabf8241a0b9c71422a42a9) Importer(815301076,1909f56bfc062723c751e8b465ee728b)
Start importing Assets/AssetStore_Asset/Maps/Hand Painted Seamless Tiles Texture using Guid(b54d7cb6aeabf8241a0b9c71422a42a9) Importer(815301076,1909f56bfc062723c751e8b465ee728b)  -> (artifact id: 'f4012a982bdecf9d943c4c3a75591466') in 0.005290 seconds 
========================================================================
Received Import Request.
  Time since last request: 2.450363 seconds.
  path: Assets/AssetStore_Asset/Maps/Hand Painted Seamless Tiles Texture/Materials
  artifactKey: Guid(d365b809516b91947ad091652874cf4a) Importer(815301076,1909f56bfc062723c751e8b465ee728b)
Start importing Assets/AssetStore_Asset/Maps/Hand Painted Seamless Tiles Texture/Materials using Guid(d365b809516b91947ad091652874cf4a) Importer(815301076,1909f56bfc062723c751e8b465ee728b)  -> (artifact id: 'db1427e4b26b532e4b3048595033c54c') in 0.006455 seconds 
========================================================================
Received Import Request.
  Time since last request: 0.046909 seconds.
  path: Assets/AssetStore_Asset/Maps/Hand Painted Seamless Tiles Texture/Materials/M_Tiles1.mat
  artifactKey: Guid(352d93a0049dfd74b9d11c4ca1a60108) Importer(815301076,1909f56bfc062723c751e8b465ee728b)
Start importing Assets/AssetStore_Asset/Maps/Hand Painted Seamless Tiles Texture/Materials/M_Tiles1.mat using Guid(352d93a0049dfd74b9d11c4ca1a60108) Importer(815301076,1909f56bfc062723c751e8b465ee728b)  -> (artifact id: '1f37d9070b7b128bef2952144897533f') in 0.184906 seconds 
========================================================================
Received Import Request.
  Time since last request: 0.000020 seconds.
  path: Assets/AssetStore_Asset/Maps/Hand Painted Seamless Tiles Texture/Materials/M_Tiles3.mat
  artifactKey: Guid(b1edc6e43eee75845afd7cd12ae09fe6) Importer(815301076,1909f56bfc062723c751e8b465ee728b)
Start importing Assets/AssetStore_Asset/Maps/Hand Painted Seamless Tiles Texture/Materials/M_Tiles3.mat using Guid(b1edc6e43eee75845afd7cd12ae09fe6) Importer(815301076,1909f56bfc062723c751e8b465ee728b)  -> (artifact id: '975d58a83069a92f38850664014940c9') in 0.011070 seconds 
========================================================================
Received Import Request.
  Time since last request: 78.882727 seconds.
  path: Assets/Prefabs/Floors/Floor_MossStone.prefab
  artifactKey: Guid(ed228d030bc54e142b7522f28437041f) Importer(815301076,1909f56bfc062723c751e8b465ee728b)
Start importing Assets/Prefabs/Floors/Floor_MossStone.prefab using Guid(ed228d030bc54e142b7522f28437041f) Importer(815301076,1909f56bfc062723c751e8b465ee728b)  -> (artifact id: 'c8e22814bf425e2e35aa92d28f25e343') in 0.026934 seconds 
========================================================================
Received Import Request.
  Time since last request: 11.549611 seconds.
  path: Assets/AssetStore_Asset/Maps/Hand Painted Seamless Tiles Texture/Textures/Tiles3.tga
  artifactKey: Guid(06afdb6e3f16b574ea6e000f4bcfa7ba) Importer(815301076,1909f56bfc062723c751e8b465ee728b)
Start importing Assets/AssetStore_Asset/Maps/Hand Painted Seamless Tiles Texture/Textures/Tiles3.tga using Guid(06afdb6e3f16b574ea6e000f4bcfa7ba) Importer(815301076,1909f56bfc062723c751e8b465ee728b)  -> (artifact id: '5fadea06c1ddac924f4f9cec38254c35') in 0.022317 seconds 
========================================================================
Received Import Request.
  Time since last request: 57.897276 seconds.
  path: Assets/Prefabs/Floors/Floor_HardStone.prefab
  artifactKey: Guid(f355872403852bc4cb00f403ba6f3fd1) Importer(815301076,1909f56bfc062723c751e8b465ee728b)
Start importing Assets/Prefabs/Floors/Floor_HardStone.prefab using Guid(f355872403852bc4cb00f403ba6f3fd1) Importer(815301076,1909f56bfc062723c751e8b465ee728b)  -> (artifact id: '173f9a802b574a04d355c91658e0da21') in 0.014981 seconds 
========================================================================
Received Import Request.
  Time since last request: 403.298914 seconds.
  path: Assets/Scripts
  artifactKey: Guid(fed1d9acbdfb506439a58a407d40259b) Importer(815301076,1909f56bfc062723c751e8b465ee728b)
Start importing Assets/Scripts using Guid(fed1d9acbdfb506439a58a407d40259b) Importer(815301076,1909f56bfc062723c751e8b465ee728b)  -> (artifact id: '720e9f04067aa0131b293c9df46ffbcc') in 0.005851 seconds 
========================================================================
Received Import Request.
  Time since last request: 30.277094 seconds.
  path: Assets/Scripts/MapManager.cs
  artifactKey: Guid(ae944fbb8298f9844b49ee9a02855f92) Importer(815301076,1909f56bfc062723c751e8b465ee728b)
Start importing Assets/Scripts/MapManager.cs using Guid(ae944fbb8298f9844b49ee9a02855f92) Importer(815301076,1909f56bfc062723c751e8b465ee728b)  -> (artifact id: 'b8f4b0f215ef97339103a5b08ef40426') in 0.028417 seconds 
========================================================================
Received Prepare
Registering precompiled user dll's ...
Registered in 0.003536 seconds.
Begin MonoManager ReloadAssembly
Symbol file LoadedFromMemory doesn't match image F:\審査会作品\22C_SRPG01\Library\PackageCache\com.unity.visualscripting@1.7.6\Editor\VisualScripting.Core\Dependencies\YamlDotNet\Unity.VisualScripting.YamlDotNet.dll
Symbol file LoadedFromMemory doesn't match image F:\審査会作品\22C_SRPG01\Library\PackageCache\com.unity.visualscripting@1.7.6\Editor\VisualScripting.Core\Dependencies\DotNetZip\Unity.VisualScripting.IonicZip.dll
Native extension for WindowsStandalone target not found
Refreshing native plugins compatible for Editor in 0.50 ms, found 3 plugins.
Preloading 0 native plugins for Editor in 0.00 ms.
Mono: successfully reloaded assembly
- Completed reload, in  0.858 seconds
Domain Reload Profiling:
	ReloadAssembly (859ms)
		BeginReloadAssembly (125ms)
			ExecutionOrderSort (0ms)
			DisableScriptedObjects (4ms)
			BackupInstance (0ms)
			ReleaseScriptingObjects (0ms)
			CreateAndSetChildDomain (37ms)
		EndReloadAssembly (648ms)
			LoadAssemblies (69ms)
			RebuildTransferFunctionScriptingTraits (0ms)
			SetupTypeCache (241ms)
			ReleaseScriptCaches (1ms)
			RebuildScriptCaches (39ms)
			SetupLoadedEditorAssemblies (261ms)
				LogAssemblyErrors (0ms)
				InitializePlatformSupportModulesInManaged (11ms)
				SetLoadedEditorAssemblies (0ms)
				RefreshPlugins (1ms)
				BeforeProcessingInitializeOnLoad (54ms)
				ProcessInitializeOnLoadAttributes (165ms)
				ProcessInitializeOnLoadMethodAttributes (24ms)
				AfterProcessingInitializeOnLoad (6ms)
				EditorAssembliesLoaded (0ms)
			ExecutionOrderSort2 (0ms)
			AwakeInstancesAfterBackupRestoration (6ms)
Platform modules already initialized, skipping
Refreshing native plugins compatible for Editor in 1.26 ms, found 3 plugins.
Preloading 0 native plugins for Editor in 0.00 ms.
Unloading 3357 Unused Serialized files (Serialized files now loaded: 0)
Unloading 19 unused Assets / (79.0 KB). Loaded Objects now: 3866.
Memory consumption went from 120.6 MB to 120.5 MB.
Total: 2.599200 ms (FindLiveObjects: 0.214600 ms CreateObjectMapping: 0.116800 ms MarkObjects: 2.207700 ms  DeleteObjects: 0.059300 ms)

AssetImportParameters requested are different than current active one (requested -> active):
  custom:video-decoder-ogg-theora: a1e56fd34408186e4bbccfd4996cb3dc -> 
  custom:container-muxer-webm: aa71ff27fc2769a1b78a27578f13a17b -> 
  custom:container-demuxer-webm: 4f35f7cbe854078d1ac9338744f61a02 -> 
  custom:video-encoder-webm-vp8: eb34c28f22e8b96e1ab97ce403110664 -> 
  custom:video-codec-MediaFoundation-h265: 746d11721c4dcdbdad8f713fa42b33f4 -> 
  custom:audio-encoder-webm-vorbis: bf7c407c2cedff20999df2af8eb42d56 -> 
  custom:framework-win-MediaFoundation: 216162199b28c13a410421893ffa2e32 -> 
  custom:container-demuxer-ogg: 62fdf1f143b41e24485cea50d1cbac27 -> 
  custom:video-decoder-webm-vp8: 9c59270c3fd7afecdb556c50c9e8de78 -> 
  custom:audio-decoder-ogg-vorbis: bf7c407c2cedff20999df2af8eb42d56 -> 
