Using pre-set license
Built from '2021.3/staging' branch; Version is '2021.3.3f1 (af2e63e8f9bd) revision 11480675'; Using compiler version '192829333'; Build Type 'Release'
OS: 'Windows 11  (10.0.22000) 64bit Core' Language: 'ja' Physical Memory: 16126 MB
BatchMode: 1, IsHumanControllingUs: 0, StartBugReporterOnCrash: 0, Is64bit: 1, IsPro: 1

COMMAND LINE ARGUMENTS:
C:\Program Files\Unity\Hub\Editor\2021.3.3f1\Editor\Unity.exe
-adb2
-batchMode
-noUpm
-name
AssetImportWorker4
-projectPath
C:/Users/vantan/OneDrive/Desktop/審査会作品/22C_SRPG01
-logFile
Logs/AssetImportWorker4.log
-srvPort
62602
Successfully changed project path to: C:/Users/vantan/OneDrive/Desktop/審査会作品/22C_SRPG01
C:/Users/vantan/OneDrive/Desktop/審査会作品/22C_SRPG01
[UnityMemory] Configuration Parameters - Can be set up in boot.config
    "memorysetup-bucket-allocator-granularity=16"
    "memorysetup-bucket-allocator-bucket-count=8"
    "memorysetup-bucket-allocator-block-size=33554432"
    "memorysetup-bucket-allocator-block-count=8"
    "memorysetup-main-allocator-block-size=16777216"
    "memorysetup-thread-allocator-block-size=16777216"
    "memorysetup-gfx-main-allocator-block-size=16777216"
    "memorysetup-gfx-thread-allocator-block-size=16777216"
    "memorysetup-cache-allocator-block-size=4194304"
    "memorysetup-typetree-allocator-block-size=2097152"
    "memorysetup-profiler-bucket-allocator-granularity=16"
    "memorysetup-profiler-bucket-allocator-bucket-count=8"
    "memorysetup-profiler-bucket-allocator-block-size=33554432"
    "memorysetup-profiler-bucket-allocator-block-count=8"
    "memorysetup-profiler-allocator-block-size=16777216"
    "memorysetup-profiler-editor-allocator-block-size=1048576"
    "memorysetup-temp-allocator-size-main=16777216"
    "memorysetup-job-temp-allocator-block-size=2097152"
    "memorysetup-job-temp-allocator-block-size-background=1048576"
    "memorysetup-job-temp-allocator-reduction-small-platforms=262144"
    "memorysetup-temp-allocator-size-background-worker=32768"
    "memorysetup-temp-allocator-size-job-worker=262144"
    "memorysetup-temp-allocator-size-preload-manager=33554432"
    "memorysetup-temp-allocator-size-nav-mesh-worker=65536"
    "memorysetup-temp-allocator-size-audio-worker=65536"
    "memorysetup-temp-allocator-size-cloud-worker=32768"
    "memorysetup-temp-allocator-size-gi-baking-worker=262144"
    "memorysetup-temp-allocator-size-gfx=262144"
Refreshing native plugins compatible for Editor in 78.65 ms, found 3 plugins.
Preloading 0 native plugins for Editor in 0.00 ms.
Initialize engine version: 2021.3.3f1 (af2e63e8f9bd)
[Subsystems] Discovering subsystems at path C:/Program Files/Unity/Hub/Editor/2021.3.3f1/Editor/Data/Resources/UnitySubsystems
[Subsystems] Discovering subsystems at path C:/Users/vantan/OneDrive/Desktop/審査会作品/22C_SRPG01/Assets
GfxDevice: creating device client; threaded=0; jobified=0
Direct3D:
    Version:  Direct3D 11.0 [level 11.1]
    Renderer: NVIDIA GeForce RTX 3060 Laptop GPU (ID=0x2560)
    Vendor:   NVIDIA
    VRAM:     6023 MB
    Driver:   30.0.15.1169
Initialize mono
Mono path[0] = 'C:/Program Files/Unity/Hub/Editor/2021.3.3f1/Editor/Data/Managed'
Mono path[1] = 'C:/Program Files/Unity/Hub/Editor/2021.3.3f1/Editor/Data/MonoBleedingEdge/lib/mono/unityjit-win32'
Mono config path = 'C:/Program Files/Unity/Hub/Editor/2021.3.3f1/Editor/Data/MonoBleedingEdge/etc'
Using monoOptions --debugger-agent=transport=dt_socket,embedding=1,server=y,suspend=n,address=127.0.0.1:56116
Begin MonoManager ReloadAssembly
Registering precompiled unity dll's ...
Register platform support module: C:/Program Files/Unity/Hub/Editor/2021.3.3f1/Editor/Data/PlaybackEngines/WindowsStandaloneSupport/UnityEditor.WindowsStandalone.Extensions.dll
Registered in 0.002505 seconds.
Native extension for WindowsStandalone target not found
Refreshing native plugins compatible for Editor in 72.74 ms, found 3 plugins.
Preloading 0 native plugins for Editor in 0.00 ms.
Mono: successfully reloaded assembly
- Completed reload, in  0.530 seconds
Domain Reload Profiling:
	ReloadAssembly (531ms)
		BeginReloadAssembly (61ms)
			ExecutionOrderSort (0ms)
			DisableScriptedObjects (0ms)
			BackupInstance (0ms)
			ReleaseScriptingObjects (0ms)
			CreateAndSetChildDomain (1ms)
		EndReloadAssembly (378ms)
			LoadAssemblies (59ms)
			RebuildTransferFunctionScriptingTraits (0ms)
			SetupTypeCache (84ms)
			ReleaseScriptCaches (0ms)
			RebuildScriptCaches (27ms)
			SetupLoadedEditorAssemblies (222ms)
				LogAssemblyErrors (0ms)
				InitializePlatformSupportModulesInManaged (5ms)
				SetLoadedEditorAssemblies (0ms)
				RefreshPlugins (73ms)
				BeforeProcessingInitializeOnLoad (1ms)
				ProcessInitializeOnLoadAttributes (105ms)
				ProcessInitializeOnLoadMethodAttributes (38ms)
				AfterProcessingInitializeOnLoad (0ms)
				EditorAssembliesLoaded (0ms)
			ExecutionOrderSort2 (0ms)
			AwakeInstancesAfterBackupRestoration (0ms)
Platform modules already initialized, skipping
Registering precompiled user dll's ...
Registered in 0.004144 seconds.
Begin MonoManager ReloadAssembly
Symbol file LoadedFromMemory doesn't match image C:\Users\vantan\OneDrive\Desktop\審査会作品\22C_SRPG01\Library\PackageCache\com.unity.visualscripting@1.7.6\Editor\VisualScripting.Core\Dependencies\YamlDotNet\Unity.VisualScripting.YamlDotNet.dll
Symbol file LoadedFromMemory doesn't match image C:\Users\vantan\OneDrive\Desktop\審査会作品\22C_SRPG01\Library\PackageCache\com.unity.visualscripting@1.7.6\Editor\VisualScripting.Core\Dependencies\DotNetZip\Unity.VisualScripting.IonicZip.dll
Native extension for WindowsStandalone target not found
Refreshing native plugins compatible for Editor in 0.53 ms, found 3 plugins.
Preloading 0 native plugins for Editor in 0.00 ms.
Mono: successfully reloaded assembly
- Completed reload, in  0.851 seconds
Domain Reload Profiling:
	ReloadAssembly (852ms)
		BeginReloadAssembly (92ms)
			ExecutionOrderSort (0ms)
			DisableScriptedObjects (4ms)
			BackupInstance (0ms)
			ReleaseScriptingObjects (0ms)
			CreateAndSetChildDomain (19ms)
		EndReloadAssembly (677ms)
			LoadAssemblies (60ms)
			RebuildTransferFunctionScriptingTraits (0ms)
			SetupTypeCache (194ms)
			ReleaseScriptCaches (1ms)
			RebuildScriptCaches (64ms)
			SetupLoadedEditorAssemblies (308ms)
				LogAssemblyErrors (0ms)
				InitializePlatformSupportModulesInManaged (4ms)
				SetLoadedEditorAssemblies (0ms)
				RefreshPlugins (1ms)
				BeforeProcessingInitializeOnLoad (79ms)
				ProcessInitializeOnLoadAttributes (197ms)
				ProcessInitializeOnLoadMethodAttributes (23ms)
				AfterProcessingInitializeOnLoad (4ms)
				EditorAssembliesLoaded (0ms)
			ExecutionOrderSort2 (0ms)
			AwakeInstancesAfterBackupRestoration (4ms)
Platform modules already initialized, skipping
========================================================================
Worker process is ready to serve import requests
Launched and connected shader compiler UnityShaderCompiler.exe after 0.08 seconds
Refreshing native plugins compatible for Editor in 0.60 ms, found 3 plugins.
Preloading 0 native plugins for Editor in 0.00 ms.
Unloading 3365 Unused Serialized files (Serialized files now loaded: 0)
Unloading 26 unused Assets / (112.6 KB). Loaded Objects now: 3826.
Memory consumption went from 116.3 MB to 116.2 MB.
Total: 3.420000 ms (FindLiveObjects: 0.261700 ms CreateObjectMapping: 0.121400 ms MarkObjects: 2.936300 ms  DeleteObjects: 0.099900 ms)

AssetImportParameters requested are different than current active one (requested -> active):
  custom:video-decoder-ogg-theora: a1e56fd34408186e4bbccfd4996cb3dc -> 
  custom:container-muxer-webm: aa71ff27fc2769a1b78a27578f13a17b -> 
  custom:container-demuxer-webm: 4f35f7cbe854078d1ac9338744f61a02 -> 
  custom:video-encoder-webm-vp8: eb34c28f22e8b96e1ab97ce403110664 -> 
  custom:video-codec-MediaFoundation-h265: 746d11721c4dcdbdad8f713fa42b33f4 -> 
  custom:audio-encoder-webm-vorbis: bf7c407c2cedff20999df2af8eb42d56 -> 
  custom:framework-win-MediaFoundation: 216162199b28c13a410421893ffa2e32 -> 
  custom:container-demuxer-ogg: 62fdf1f143b41e24485cea50d1cbac27 -> 
  custom:video-decoder-webm-vp8: 9c59270c3fd7afecdb556c50c9e8de78 -> 
  custom:audio-decoder-ogg-vorbis: bf7c407c2cedff20999df2af8eb42d56 -> 
========================================================================
Received Import Request.
  Time since last request: 406203.809854 seconds.
  path: Assets/AssetStore_Asset/Char_Texture/Foxxee's Spheres/Textures
  artifactKey: Guid(44507cfb8e80e0f439956a1a2b592c5b) Importer(815301076,1909f56bfc062723c751e8b465ee728b)
Start importing Assets/AssetStore_Asset/Char_Texture/Foxxee's Spheres/Textures using Guid(44507cfb8e80e0f439956a1a2b592c5b) Importer(815301076,1909f56bfc062723c751e8b465ee728b)  -> (artifact id: 'c4dbc1fe465301cf36b22c69f847f805') in 0.017309 seconds 
========================================================================
Received Import Request.
  Time since last request: 27.414690 seconds.
  path: Assets/AssetStore_Asset/Char_Texture/Foxxee's Spheres/Textures/Foxxee's Spheres_03.png
  artifactKey: Guid(8278d5cc3d1a34b4d8cb009e4a7cc9a4) Importer(815301076,1909f56bfc062723c751e8b465ee728b)
Start importing Assets/AssetStore_Asset/Char_Texture/Foxxee's Spheres/Textures/Foxxee's Spheres_03.png using Guid(8278d5cc3d1a34b4d8cb009e4a7cc9a4) Importer(815301076,1909f56bfc062723c751e8b465ee728b)  -> (artifact id: '6c19ba5cfa44ddbe2808cfc2023daf47') in 0.081035 seconds 
========================================================================
Received Import Request.
  Time since last request: 108.966697 seconds.
  path: Assets/AssetStore_Asset/Char_Texture/Foxxee's Spheres/Materials/Foxxee's Spheres_03.mat
  artifactKey: Guid(fe589041b5941b740b3a5b5328cfbdca) Importer(815301076,1909f56bfc062723c751e8b465ee728b)
Start importing Assets/AssetStore_Asset/Char_Texture/Foxxee's Spheres/Materials/Foxxee's Spheres_03.mat using Guid(fe589041b5941b740b3a5b5328cfbdca) Importer(815301076,1909f56bfc062723c751e8b465ee728b)  -> (artifact id: 'f3c00007264020736645916b849da4c1') in 0.096252 seconds 
========================================================================
Received Import Request.
  Time since last request: 12.398195 seconds.
  path: Assets/AssetStore_Asset/Char_Texture/Foxxee's Spheres/Materials/Foxxee's Spheres_03.mat
  artifactKey: Guid(fe589041b5941b740b3a5b5328cfbdca) Importer(815301076,1909f56bfc062723c751e8b465ee728b)
Start importing Assets/AssetStore_Asset/Char_Texture/Foxxee's Spheres/Materials/Foxxee's Spheres_03.mat using Guid(fe589041b5941b740b3a5b5328cfbdca) Importer(815301076,1909f56bfc062723c751e8b465ee728b)  -> (artifact id: 'b304ce566b82570528cd64bbb380945a') in 0.014438 seconds 
========================================================================
Received Import Request.
  Time since last request: 7.088226 seconds.
  path: Assets/AssetStore_Asset/Char_Texture/Foxxee's Spheres/Textures/Foxxee's Spheres_03.png
  artifactKey: Guid(8278d5cc3d1a34b4d8cb009e4a7cc9a4) Importer(815301076,1909f56bfc062723c751e8b465ee728b)
Start importing Assets/AssetStore_Asset/Char_Texture/Foxxee's Spheres/Textures/Foxxee's Spheres_03.png using Guid(8278d5cc3d1a34b4d8cb009e4a7cc9a4) Importer(815301076,1909f56bfc062723c751e8b465ee728b)  -> (artifact id: '65dae4014197c90efc078b5567d5e41b') in 0.014345 seconds 
========================================================================
Received Import Request.
  Time since last request: 39.085706 seconds.
  path: Assets/AssetStore_Asset/Char_Texture/Foxxee's Spheres/Textures/Foxxee's Spheres_08.png
  artifactKey: Guid(e1662a432b4311e4cb33713a5813994a) Importer(815301076,1909f56bfc062723c751e8b465ee728b)
Start importing Assets/AssetStore_Asset/Char_Texture/Foxxee's Spheres/Textures/Foxxee's Spheres_08.png using Guid(e1662a432b4311e4cb33713a5813994a) Importer(815301076,1909f56bfc062723c751e8b465ee728b)  -> (artifact id: '730fb8338fa9215a6be85d7dcabdb16a') in 0.055420 seconds 
========================================================================
Received Import Request.
  Time since last request: 14.126018 seconds.
  path: Assets/AssetStore_Asset/Char_Texture/Foxxee's Spheres/Textures/Foxxee's Spheres_08.png
  artifactKey: Guid(e1662a432b4311e4cb33713a5813994a) Importer(815301076,1909f56bfc062723c751e8b465ee728b)
Start importing Assets/AssetStore_Asset/Char_Texture/Foxxee's Spheres/Textures/Foxxee's Spheres_08.png using Guid(e1662a432b4311e4cb33713a5813994a) Importer(815301076,1909f56bfc062723c751e8b465ee728b)  -> (artifact id: '818b67692449bd35473a0eaf9d13e49f') in 0.019372 seconds 
