Using pre-set license
Built from '2021.3/staging' branch; Version is '2021.3.3f1 (af2e63e8f9bd) revision 11480675'; Using compiler version '192829333'; Build Type 'Release'
OS: 'Windows 10  (10.0.19044) 64bit Professional' Language: 'ja' Physical Memory: 16206 MB
BatchMode: 1, IsHumanControllingUs: 0, StartBugReporterOnCrash: 0, Is64bit: 1, IsPro: 1

COMMAND LINE ARGUMENTS:
F:\Unity\2021.3.3f1\Editor\Unity.exe
-adb2
-batchMode
-noUpm
-name
AssetImportWorker4
-projectPath
F:/審査会作品/22C_SRPG01
-logFile
Logs/AssetImportWorker4.log
-srvPort
64731
Successfully changed project path to: F:/審査会作品/22C_SRPG01
F:/審査会作品/22C_SRPG01
[UnityMemory] Configuration Parameters - Can be set up in boot.config
    "memorysetup-bucket-allocator-granularity=16"
    "memorysetup-bucket-allocator-bucket-count=8"
    "memorysetup-bucket-allocator-block-size=33554432"
    "memorysetup-bucket-allocator-block-count=8"
    "memorysetup-main-allocator-block-size=16777216"
    "memorysetup-thread-allocator-block-size=16777216"
    "memorysetup-gfx-main-allocator-block-size=16777216"
    "memorysetup-gfx-thread-allocator-block-size=16777216"
    "memorysetup-cache-allocator-block-size=4194304"
    "memorysetup-typetree-allocator-block-size=2097152"
    "memorysetup-profiler-bucket-allocator-granularity=16"
    "memorysetup-profiler-bucket-allocator-bucket-count=8"
    "memorysetup-profiler-bucket-allocator-block-size=33554432"
    "memorysetup-profiler-bucket-allocator-block-count=8"
    "memorysetup-profiler-allocator-block-size=16777216"
    "memorysetup-profiler-editor-allocator-block-size=1048576"
    "memorysetup-temp-allocator-size-main=16777216"
    "memorysetup-job-temp-allocator-block-size=2097152"
    "memorysetup-job-temp-allocator-block-size-background=1048576"
    "memorysetup-job-temp-allocator-reduction-small-platforms=262144"
    "memorysetup-temp-allocator-size-background-worker=32768"
    "memorysetup-temp-allocator-size-job-worker=262144"
    "memorysetup-temp-allocator-size-preload-manager=33554432"
    "memorysetup-temp-allocator-size-nav-mesh-worker=65536"
    "memorysetup-temp-allocator-size-audio-worker=65536"
    "memorysetup-temp-allocator-size-cloud-worker=32768"
    "memorysetup-temp-allocator-size-gi-baking-worker=262144"
    "memorysetup-temp-allocator-size-gfx=262144"
Refreshing native plugins compatible for Editor in 77.83 ms, found 3 plugins.
Preloading 0 native plugins for Editor in 0.00 ms.
Initialize engine version: 2021.3.3f1 (af2e63e8f9bd)
[Subsystems] Discovering subsystems at path F:/Unity/2021.3.3f1/Editor/Data/Resources/UnitySubsystems
[Subsystems] Discovering subsystems at path F:/審査会作品/22C_SRPG01/Assets
GfxDevice: creating device client; threaded=0; jobified=0
Direct3D:
    Version:  Direct3D 11.0 [level 11.1]
    Renderer: NVIDIA GeForce RTX 2070 (ID=0x1f07)
    Vendor:   NVIDIA
    VRAM:     8031 MB
    Driver:   30.0.15.1277
Initialize mono
Mono path[0] = 'F:/Unity/2021.3.3f1/Editor/Data/Managed'
Mono path[1] = 'F:/Unity/2021.3.3f1/Editor/Data/MonoBleedingEdge/lib/mono/unityjit-win32'
Mono config path = 'F:/Unity/2021.3.3f1/Editor/Data/MonoBleedingEdge/etc'
Using monoOptions --debugger-agent=transport=dt_socket,embedding=1,server=y,suspend=n,address=127.0.0.1:56124
Begin MonoManager ReloadAssembly
Registering precompiled unity dll's ...
Register platform support module: F:/Unity/2021.3.3f1/Editor/Data/PlaybackEngines/WindowsStandaloneSupport/UnityEditor.WindowsStandalone.Extensions.dll
Registered in 0.002159 seconds.
Native extension for WindowsStandalone target not found
Refreshing native plugins compatible for Editor in 77.12 ms, found 3 plugins.
Preloading 0 native plugins for Editor in 0.00 ms.
Mono: successfully reloaded assembly
- Completed reload, in  0.533 seconds
Domain Reload Profiling:
	ReloadAssembly (533ms)
		BeginReloadAssembly (60ms)
			ExecutionOrderSort (0ms)
			DisableScriptedObjects (0ms)
			BackupInstance (0ms)
			ReleaseScriptingObjects (0ms)
			CreateAndSetChildDomain (1ms)
		EndReloadAssembly (388ms)
			LoadAssemblies (59ms)
			RebuildTransferFunctionScriptingTraits (0ms)
			SetupTypeCache (87ms)
			ReleaseScriptCaches (0ms)
			RebuildScriptCaches (24ms)
			SetupLoadedEditorAssemblies (235ms)
				LogAssemblyErrors (0ms)
				InitializePlatformSupportModulesInManaged (6ms)
				SetLoadedEditorAssemblies (0ms)
				RefreshPlugins (77ms)
				BeforeProcessingInitializeOnLoad (1ms)
				ProcessInitializeOnLoadAttributes (110ms)
				ProcessInitializeOnLoadMethodAttributes (40ms)
				AfterProcessingInitializeOnLoad (0ms)
				EditorAssembliesLoaded (0ms)
			ExecutionOrderSort2 (0ms)
			AwakeInstancesAfterBackupRestoration (0ms)
Platform modules already initialized, skipping
Registering precompiled user dll's ...
Registered in 0.003508 seconds.
Begin MonoManager ReloadAssembly
Symbol file LoadedFromMemory doesn't match image F:\審査会作品\22C_SRPG01\Library\PackageCache\com.unity.visualscripting@1.7.6\Editor\VisualScripting.Core\Dependencies\YamlDotNet\Unity.VisualScripting.YamlDotNet.dll
Symbol file LoadedFromMemory doesn't match image F:\審査会作品\22C_SRPG01\Library\PackageCache\com.unity.visualscripting@1.7.6\Editor\VisualScripting.Core\Dependencies\DotNetZip\Unity.VisualScripting.IonicZip.dll
Native extension for WindowsStandalone target not found
Refreshing native plugins compatible for Editor in 0.55 ms, found 3 plugins.
Preloading 0 native plugins for Editor in 0.00 ms.
Mono: successfully reloaded assembly
- Completed reload, in  0.886 seconds
Domain Reload Profiling:
	ReloadAssembly (887ms)
		BeginReloadAssembly (92ms)
			ExecutionOrderSort (0ms)
			DisableScriptedObjects (6ms)
			BackupInstance (0ms)
			ReleaseScriptingObjects (0ms)
			CreateAndSetChildDomain (17ms)
		EndReloadAssembly (702ms)
			LoadAssemblies (64ms)
			RebuildTransferFunctionScriptingTraits (0ms)
			SetupTypeCache (230ms)
			ReleaseScriptCaches (1ms)
			RebuildScriptCaches (47ms)
			SetupLoadedEditorAssemblies (326ms)
				LogAssemblyErrors (0ms)
				InitializePlatformSupportModulesInManaged (4ms)
				SetLoadedEditorAssemblies (0ms)
				RefreshPlugins (1ms)
				BeforeProcessingInitializeOnLoad (78ms)
				ProcessInitializeOnLoadAttributes (213ms)
				ProcessInitializeOnLoadMethodAttributes (27ms)
				AfterProcessingInitializeOnLoad (2ms)
				EditorAssembliesLoaded (0ms)
			ExecutionOrderSort2 (0ms)
			AwakeInstancesAfterBackupRestoration (5ms)
Platform modules already initialized, skipping
========================================================================
Worker process is ready to serve import requests
Launched and connected shader compiler UnityShaderCompiler.exe after 0.08 seconds
Refreshing native plugins compatible for Editor in 0.61 ms, found 3 plugins.
Preloading 0 native plugins for Editor in 0.00 ms.
Unloading 3741 Unused Serialized files (Serialized files now loaded: 0)
Unloading 27 unused Assets / (171.7 KB). Loaded Objects now: 4203.
Memory consumption went from 133.8 MB to 133.7 MB.
Total: 3.047000 ms (FindLiveObjects: 0.396000 ms CreateObjectMapping: 0.190900 ms MarkObjects: 2.334000 ms  DeleteObjects: 0.125300 ms)

AssetImportParameters requested are different than current active one (requested -> active):
  custom:video-decoder-ogg-theora: a1e56fd34408186e4bbccfd4996cb3dc -> 
  custom:container-muxer-webm: aa71ff27fc2769a1b78a27578f13a17b -> 
  custom:container-demuxer-webm: 4f35f7cbe854078d1ac9338744f61a02 -> 
  custom:video-encoder-webm-vp8: eb34c28f22e8b96e1ab97ce403110664 -> 
  custom:video-codec-MediaFoundation-h265: 746d11721c4dcdbdad8f713fa42b33f4 -> 
  custom:audio-encoder-webm-vorbis: bf7c407c2cedff20999df2af8eb42d56 -> 
  custom:framework-win-MediaFoundation: 216162199b28c13a410421893ffa2e32 -> 
  custom:container-demuxer-ogg: 62fdf1f143b41e24485cea50d1cbac27 -> 
  custom:video-decoder-webm-vp8: 9c59270c3fd7afecdb556c50c9e8de78 -> 
  custom:audio-decoder-ogg-vorbis: bf7c407c2cedff20999df2af8eb42d56 -> 
========================================================================
Received Import Request.
  Time since last request: 521655.970975 seconds.
  path: Assets/Animation
  artifactKey: Guid(83084315a9204894bbcea047fa9dd9f3) Importer(815301076,1909f56bfc062723c751e8b465ee728b)
Start importing Assets/Animation using Guid(83084315a9204894bbcea047fa9dd9f3) Importer(815301076,1909f56bfc062723c751e8b465ee728b)  -> (artifact id: '83c07a71b74b79caff9c06f1703c9570') in 0.009711 seconds 
========================================================================
Received Import Request.
  Time since last request: 23.189967 seconds.
  path: Assets/Animation/Transform.controller
  artifactKey: Guid(ef655c744f1507b4f99a249e00e7fb46) Importer(815301076,1909f56bfc062723c751e8b465ee728b)
Start importing Assets/Animation/Transform.controller using Guid(ef655c744f1507b4f99a249e00e7fb46) Importer(815301076,1909f56bfc062723c751e8b465ee728b)  -> (artifact id: '8c433933a8e00917442579f0bdb0008f') in 0.034248 seconds 
========================================================================
Received Import Request.
  Time since last request: 17.518454 seconds.
  path: Assets/AssetStore_Asset
  artifactKey: Guid(1bdc0c7890ef70b4b8aaaf258d5678e8) Importer(815301076,1909f56bfc062723c751e8b465ee728b)
Start importing Assets/AssetStore_Asset using Guid(1bdc0c7890ef70b4b8aaaf258d5678e8) Importer(815301076,1909f56bfc062723c751e8b465ee728b)  -> (artifact id: 'cf15d6bed702a1de54c552980d5ca35a') in 0.006772 seconds 
========================================================================
Received Import Request.
  Time since last request: 0.709616 seconds.
  path: Assets/Materials
  artifactKey: Guid(3b210e463a3f79d4ca54062e40e1b509) Importer(815301076,1909f56bfc062723c751e8b465ee728b)
Start importing Assets/Materials using Guid(3b210e463a3f79d4ca54062e40e1b509) Importer(815301076,1909f56bfc062723c751e8b465ee728b)  -> (artifact id: '895a85091e579c512643519346549ace') in 0.007206 seconds 
========================================================================
Received Import Request.
  Time since last request: 6.254130 seconds.
  path: Assets/Scenes
  artifactKey: Guid(6ea315d0fd7389c41b19996891e99ae3) Importer(815301076,1909f56bfc062723c751e8b465ee728b)
Start importing Assets/Scenes using Guid(6ea315d0fd7389c41b19996891e99ae3) Importer(815301076,1909f56bfc062723c751e8b465ee728b)  -> (artifact id: 'bc172811d573b296104adb4d2728db37') in 0.007104 seconds 
========================================================================
Received Import Request.
  Time since last request: 1.004956 seconds.
  path: Assets/Scripts
  artifactKey: Guid(fed1d9acbdfb506439a58a407d40259b) Importer(815301076,1909f56bfc062723c751e8b465ee728b)
Start importing Assets/Scripts using Guid(fed1d9acbdfb506439a58a407d40259b) Importer(815301076,1909f56bfc062723c751e8b465ee728b)  -> (artifact id: '720e9f04067aa0131b293c9df46ffbcc') in 0.007132 seconds 
========================================================================
Received Import Request.
  Time since last request: 24.540158 seconds.
  path: Assets/Scenes/SampleScene.unity
  artifactKey: Guid(9fc0d4010bbf28b4594072e72b8655ab) Importer(815301076,1909f56bfc062723c751e8b465ee728b)
Start importing Assets/Scenes/SampleScene.unity using Guid(9fc0d4010bbf28b4594072e72b8655ab) Importer(815301076,1909f56bfc062723c751e8b465ee728b)  -> (artifact id: '54ca9def5f7dc7306c1dba848fbb5dec') in 0.007112 seconds 
========================================================================
Received Import Request.
  Time since last request: 24.539353 seconds.
  path: Assets/Scenes/MainScene.unity
  artifactKey: Guid(9fc0d4010bbf28b4594072e72b8655ab) Importer(815301076,1909f56bfc062723c751e8b465ee728b)
Start importing Assets/Scenes/MainScene.unity using Guid(9fc0d4010bbf28b4594072e72b8655ab) Importer(815301076,1909f56bfc062723c751e8b465ee728b)  -> (artifact id: '6f603e956d230c7a36fd1a138cc1e9d5') in 0.007712 seconds 
========================================================================
Received Import Request.
  Time since last request: 76.433991 seconds.
  path: Assets/Scripts/MapManager.cs
  artifactKey: Guid(ae944fbb8298f9844b49ee9a02855f92) Importer(815301076,1909f56bfc062723c751e8b465ee728b)
Start importing Assets/Scripts/MapManager.cs using Guid(ae944fbb8298f9844b49ee9a02855f92) Importer(815301076,1909f56bfc062723c751e8b465ee728b)  -> (artifact id: '7d700efe252983726a97526b294abe73') in 0.008791 seconds 
========================================================================
Received Import Request.
  Time since last request: 0.978824 seconds.
  path: Assets/Scripts/FloorBrock.cs
  artifactKey: Guid(a558d7cc1f6a53047933360c2e3dfc01) Importer(815301076,1909f56bfc062723c751e8b465ee728b)
Start importing Assets/Scripts/FloorBrock.cs using Guid(a558d7cc1f6a53047933360c2e3dfc01) Importer(815301076,1909f56bfc062723c751e8b465ee728b)  -> (artifact id: 'b183bcd4a52492fd82f77d65a70c008c') in 0.007469 seconds 
========================================================================
Received Import Request.
  Time since last request: 0.608355 seconds.
  path: Assets/Scripts/CharacterTransform.cs
  artifactKey: Guid(24ca1753904b5434eb955298d82bd682) Importer(815301076,1909f56bfc062723c751e8b465ee728b)
Start importing Assets/Scripts/CharacterTransform.cs using Guid(24ca1753904b5434eb955298d82bd682) Importer(815301076,1909f56bfc062723c751e8b465ee728b)  -> (artifact id: '9dff9879a7eb39d7a9c01815b0b3e36d') in 0.006577 seconds 
========================================================================
Received Import Request.
  Time since last request: 4.139318 seconds.
  path: Assets/Scripts/Character.cs
  artifactKey: Guid(560d01bc1980db743b209d18a6694751) Importer(815301076,1909f56bfc062723c751e8b465ee728b)
Start importing Assets/Scripts/Character.cs using Guid(560d01bc1980db743b209d18a6694751) Importer(815301076,1909f56bfc062723c751e8b465ee728b)  -> (artifact id: '893de15f9ad07a55b8f53404cf3acabe') in 0.007498 seconds 
========================================================================
Received Import Request.
  Time since last request: 1102.316545 seconds.
  path: Assets/Animation/SmallScale.anim
  artifactKey: Guid(04dc5c4f69119594db38de26d659c478) Importer(815301076,1909f56bfc062723c751e8b465ee728b)
Start importing Assets/Animation/SmallScale.anim using Guid(04dc5c4f69119594db38de26d659c478) Importer(815301076,1909f56bfc062723c751e8b465ee728b)  -> (artifact id: 'dde15a9249bd09ff4f67c48f10364a1d') in 0.012112 seconds 
========================================================================
Received Import Request.
  Time since last request: 108.578349 seconds.
  path: Assets/Prefabs/Characters/Char_Cubu.prefab
  artifactKey: Guid(9098b2790c1f08e499c5b3916b1217aa) Importer(815301076,1909f56bfc062723c751e8b465ee728b)
Start importing Assets/Prefabs/Characters/Char_Cubu.prefab using Guid(9098b2790c1f08e499c5b3916b1217aa) Importer(815301076,1909f56bfc062723c751e8b465ee728b)  -> (artifact id: 'e4fe1889fcabaa19703bdbcaddc83351') in 0.084699 seconds 
========================================================================
Received Import Request.
  Time since last request: 118.154551 seconds.
  path: Assets/Animation/Transform.anim
  artifactKey: Guid(a2541b5833ead3c44a2fd2e89e2f02f5) Importer(815301076,1909f56bfc062723c751e8b465ee728b)
Start importing Assets/Animation/Transform.anim using Guid(a2541b5833ead3c44a2fd2e89e2f02f5) Importer(815301076,1909f56bfc062723c751e8b465ee728b)  -> (artifact id: '188c4ddeb2d9f63c7b3dd0d7fdd4462c') in 0.003033 seconds 
========================================================================
Received Import Request.
  Time since last request: 1.231772 seconds.
  path: Assets/Animation/Char_Cubu.controller
  artifactKey: Guid(765aafcf3c06d1f4197d6ae5bc859257) Importer(815301076,1909f56bfc062723c751e8b465ee728b)
Start importing Assets/Animation/Char_Cubu.controller using Guid(765aafcf3c06d1f4197d6ae5bc859257) Importer(815301076,1909f56bfc062723c751e8b465ee728b)  -> (artifact id: 'dc0c4e7742132cbe395ea517f394b7d8') in 0.002201 seconds 
========================================================================
Received Import Request.
  Time since last request: 506.840807 seconds.
  path: Assets/Animation/Char_Cubu.controller
  artifactKey: Guid(765aafcf3c06d1f4197d6ae5bc859257) Importer(815301076,1909f56bfc062723c751e8b465ee728b)
Start importing Assets/Animation/Char_Cubu.controller using Guid(765aafcf3c06d1f4197d6ae5bc859257) Importer(815301076,1909f56bfc062723c751e8b465ee728b)  -> (artifact id: '48967075526798789def51d72239b7dc') in 0.005048 seconds 
========================================================================
Received Import Request.
  Time since last request: 26.258902 seconds.
  path: Assets/Animation/Transform.anim
  artifactKey: Guid(a2541b5833ead3c44a2fd2e89e2f02f5) Importer(815301076,1909f56bfc062723c751e8b465ee728b)
Start importing Assets/Animation/Transform.anim using Guid(a2541b5833ead3c44a2fd2e89e2f02f5) Importer(815301076,1909f56bfc062723c751e8b465ee728b)  -> (artifact id: '76031a99e863547fbcf249cb0d2825d1') in 0.001958 seconds 
========================================================================
Received Import Request.
  Time since last request: 31.392927 seconds.
  path: Assets/Materials/Black.mat
  artifactKey: Guid(fd7b0215551d43a4fa4134dd8785b681) Importer(815301076,1909f56bfc062723c751e8b465ee728b)
Start importing Assets/Materials/Black.mat using Guid(fd7b0215551d43a4fa4134dd8785b681) Importer(815301076,1909f56bfc062723c751e8b465ee728b)  -> (artifact id: 'c9de43301efa03d85349509a24c434b0') in 0.036029 seconds 
========================================================================
Received Import Request.
  Time since last request: 0.000029 seconds.
  path: Assets/Materials/Red.mat
  artifactKey: Guid(707c83ff9bf2e084d8bfd1af22cad637) Importer(815301076,1909f56bfc062723c751e8b465ee728b)
Start importing Assets/Materials/Red.mat using Guid(707c83ff9bf2e084d8bfd1af22cad637) Importer(815301076,1909f56bfc062723c751e8b465ee728b)  -> (artifact id: '59078968fde9e2bf81e9fb207dd2f0b6') in 0.017217 seconds 
========================================================================
Received Import Request.
  Time since last request: 0.000029 seconds.
  path: Assets/Materials/Orange.mat
  artifactKey: Guid(d1d7e4bbcddb797488e6083068e10c78) Importer(815301076,1909f56bfc062723c751e8b465ee728b)
Start importing Assets/Materials/Orange.mat using Guid(d1d7e4bbcddb797488e6083068e10c78) Importer(815301076,1909f56bfc062723c751e8b465ee728b)  -> (artifact id: '34916bee1cb4ea93aa7103488413c719') in 0.023595 seconds 
========================================================================
Received Import Request.
  Time since last request: 0.000031 seconds.
  path: Assets/Materials/Green.mat
  artifactKey: Guid(c9c4744a16cd35941b71e4900102b4b6) Importer(815301076,1909f56bfc062723c751e8b465ee728b)
Start importing Assets/Materials/Green.mat using Guid(c9c4744a16cd35941b71e4900102b4b6) Importer(815301076,1909f56bfc062723c751e8b465ee728b)  -> (artifact id: '38184d008ad1ecf40bc8703a1cadf5a5') in 0.016999 seconds 
Editor requested this worker to shutdown with reason: Scaling down because of idle timeout
AssetImportWorker is now disconnected from the server
Process exiting
Exiting without the bug reporter. Application will terminate with return code 0